


 记录时间：2018-07-03 15:57:16,469 
日志级别：  INFO  
出错类：Himall.PaymentPlugin.PaymentBase`1[T].set_WorkDirectory  
错误描述：set WorkDirectory:Himall.Plugin.Payment.Alipay.Service 




 记录时间：2018-07-03 15:57:16,483 
日志级别：  INFO  
出错类：Himall.PaymentPlugin.PaymentBase`1[T].set_WorkDirectory  
错误描述：set WorkDirectory:Himall.Plugin.Payment.Alipay_App.Service 




 记录时间：2018-07-03 15:57:16,496 
日志级别：  INFO  
出错类：Himall.PaymentPlugin.PaymentBase`1[T].set_WorkDirectory  
错误描述：set WorkDirectory:Himall.Plugin.Payment.Alipay_QRCode.Service 




 记录时间：2018-07-03 15:57:16,510 
日志级别：  INFO  
出错类：Himall.PaymentPlugin.PaymentBase`1[T].set_WorkDirectory  
错误描述：set WorkDirectory:Himall.Plugin.Payment.Alipay_WAP.Service 




 记录时间：2018-07-03 15:57:16,521 
日志级别：  INFO  
出错类：Himall.PaymentPlugin.PaymentBase`1[T].set_WorkDirectory  
错误描述：set WorkDirectory:Himall.Plugin.Payment.UnionPay.UnionPay 




 记录时间：2018-07-03 15:57:16,532 
日志级别：  INFO  
出错类：Himall.PaymentPlugin.PaymentBase`1[T].set_WorkDirectory  
错误描述：set WorkDirectory:Himall.Plugin.Payment.WeiXinPay.Service 




 记录时间：2018-07-03 15:57:16,548 
日志级别：  INFO  
出错类：Himall.PaymentPlugin.PaymentBase`1[T].set_WorkDirectory  
错误描述：set WorkDirectory:Himall.Plugin.Payment.WeiXinPay_Native.WeiXinPay 




 记录时间：2018-07-03 16:38:58,698 
日志级别：  INFO  
出错类：Himall.Plugin.Message.Email.EmailCore.GetMessageStatus  
错误描述：email3---sss 




 记录时间：2018-07-03 16:38:58,785 
日志级别：  INFO  
出错类：Himall.Plugin.Message.Email.EmailCore.GetMessageStatus  
错误描述：email2---:?<?xml version="1.0" encoding="utf-8" ?>
<MessageStatus>
  <OrderCreated>1</OrderCreated>
  <OrderPay>1</OrderPay>
  <OrderShipping>1</OrderShipping>
  <OrderRefund>1</OrderRefund>
  <RefundDeliver>1</RefundDeliver>
  <FindPassWord>1</FindPassWord>
  <ShopAudited>1</ShopAudited>
  <ShopHaveNewOrder>3</ShopHaveNewOrder>
  <ReceiveBonus>3</ReceiveBonus>
  <LimitTimeBuy>3</LimitTimeBuy>
  <SubscribeLimitTimeBuy>3</SubscribeLimitTimeBuy>
  <FightGroupOpenSuccess>3</FightGroupOpenSuccess>
  <FightGroupJoinSuccess>3</FightGroupJoinSuccess>
  <FightGroupNewJoin>3</FightGroupNewJoin>
  <FightGroupFailed>3</FightGroupFailed>
  <FightGroupSuccess>3</FightGroupSuccess>
  <SendCouponSuccess>1</SendCouponSuccess>
</MessageStatus> 




 记录时间：2018-07-03 16:38:58,791 
日志级别：  INFO  
出错类：Himall.Plugin.Message.Email.EmailCore.GetMessageStatus  
错误描述：email3---eee 




 记录时间：2018-07-03 16:38:58,797 
日志级别：  INFO  
出错类：Himall.Plugin.Message.Email.EmailCore.GetMessageStatus  
错误描述：email3---sss 




 记录时间：2018-07-03 16:38:58,798 
日志级别：  INFO  
出错类：Himall.Plugin.Message.Email.EmailCore.GetMessageStatus  
错误描述：email2---:?<?xml version="1.0" encoding="utf-8" ?>
<MessageStatus>
  <OrderCreated>1</OrderCreated>
  <OrderPay>1</OrderPay>
  <OrderShipping>1</OrderShipping>
  <OrderRefund>1</OrderRefund>
  <RefundDeliver>1</RefundDeliver>
  <FindPassWord>1</FindPassWord>
  <ShopAudited>1</ShopAudited>
  <ShopHaveNewOrder>3</ShopHaveNewOrder>
  <ReceiveBonus>3</ReceiveBonus>
  <LimitTimeBuy>3</LimitTimeBuy>
  <SubscribeLimitTimeBuy>3</SubscribeLimitTimeBuy>
  <FightGroupOpenSuccess>3</FightGroupOpenSuccess>
  <FightGroupJoinSuccess>3</FightGroupJoinSuccess>
  <FightGroupNewJoin>3</FightGroupNewJoin>
  <FightGroupFailed>3</FightGroupFailed>
  <FightGroupSuccess>3</FightGroupSuccess>
  <SendCouponSuccess>1</SendCouponSuccess>
</MessageStatus> 




 记录时间：2018-07-03 16:38:58,798 
日志级别：  INFO  
出错类：Himall.Plugin.Message.Email.EmailCore.GetMessageStatus  
错误描述：email3---eee 




 记录时间：2018-07-03 16:38:58,848 
日志级别：  INFO  
出错类：Himall.Plugin.Message.Email.EmailCore.GetMessageContentConfig  
错误描述：email2---sss 




 记录时间：2018-07-03 16:38:58,897 
日志级别：  INFO  
出错类：Himall.Plugin.Message.Email.EmailCore.GetMessageContentConfig  
错误描述：email2---eee 




 记录时间：2018-07-03 16:39:41,955 
日志级别：  INFO  
出错类：Himall.Web.Areas.Mobile.Controllers.VShopController.VShopHeader  
错误描述：错误的微店Id 

Himall.Core.HimallException: 错误的微店Id



 记录时间：2018-07-03 16:40:50,698 
日志级别：  INFO  
出错类：Himall.Web.Areas.Mobile.Controllers.VShopController.VShopHeader  
错误描述：错误的微店Id 

Himall.Core.HimallException: 错误的微店Id
