


 记录时间：2018-07-05 10:57:49,697 
日志级别：  INFO  
出错类：Himall.PaymentPlugin.PaymentBase`1[T].set_WorkDirectory  
错误描述：set WorkDirectory:Himall.Plugin.Payment.Alipay.Service 




 记录时间：2018-07-05 10:57:49,712 
日志级别：  INFO  
出错类：Himall.PaymentPlugin.PaymentBase`1[T].set_WorkDirectory  
错误描述：set WorkDirectory:Himall.Plugin.Payment.Alipay_App.Service 




 记录时间：2018-07-05 10:57:49,728 
日志级别：  INFO  
出错类：Himall.PaymentPlugin.PaymentBase`1[T].set_WorkDirectory  
错误描述：set WorkDirectory:Himall.Plugin.Payment.Alipay_QRCode.Service 




 记录时间：2018-07-05 10:57:49,746 
日志级别：  INFO  
出错类：Himall.PaymentPlugin.PaymentBase`1[T].set_WorkDirectory  
错误描述：set WorkDirectory:Himall.Plugin.Payment.Alipay_WAP.Service 




 记录时间：2018-07-05 10:57:49,776 
日志级别：  INFO  
出错类：Himall.PaymentPlugin.PaymentBase`1[T].set_WorkDirectory  
错误描述：set WorkDirectory:Himall.Plugin.Payment.UnionPay.UnionPay 




 记录时间：2018-07-05 10:57:49,806 
日志级别：  INFO  
出错类：Himall.PaymentPlugin.PaymentBase`1[T].set_WorkDirectory  
错误描述：set WorkDirectory:Himall.Plugin.Payment.WeiXinPay.Service 




 记录时间：2018-07-05 10:57:49,845 
日志级别：  INFO  
出错类：Himall.PaymentPlugin.PaymentBase`1[T].set_WorkDirectory  
错误描述：set WorkDirectory:Himall.Plugin.Payment.WeiXinPay_Native.WeiXinPay 




 记录时间：2018-07-05 14:12:04,295 
日志级别：  INFO  
出错类：Himall.PaymentPlugin.PaymentBase`1[T].set_WorkDirectory  
错误描述：set WorkDirectory:Himall.Plugin.Payment.Alipay.Service 




 记录时间：2018-07-05 14:12:04,327 
日志级别：  INFO  
出错类：Himall.PaymentPlugin.PaymentBase`1[T].set_WorkDirectory  
错误描述：set WorkDirectory:Himall.Plugin.Payment.Alipay_App.Service 




 记录时间：2018-07-05 14:12:04,343 
日志级别：  INFO  
出错类：Himall.PaymentPlugin.PaymentBase`1[T].set_WorkDirectory  
错误描述：set WorkDirectory:Himall.Plugin.Payment.Alipay_QRCode.Service 




 记录时间：2018-07-05 14:12:04,357 
日志级别：  INFO  
出错类：Himall.PaymentPlugin.PaymentBase`1[T].set_WorkDirectory  
错误描述：set WorkDirectory:Himall.Plugin.Payment.Alipay_WAP.Service 




 记录时间：2018-07-05 14:12:04,369 
日志级别：  INFO  
出错类：Himall.PaymentPlugin.PaymentBase`1[T].set_WorkDirectory  
错误描述：set WorkDirectory:Himall.Plugin.Payment.UnionPay.UnionPay 




 记录时间：2018-07-05 14:12:04,399 
日志级别：  INFO  
出错类：Himall.PaymentPlugin.PaymentBase`1[T].set_WorkDirectory  
错误描述：set WorkDirectory:Himall.Plugin.Payment.WeiXinPay.Service 




 记录时间：2018-07-05 14:12:04,413 
日志级别：  INFO  
出错类：Himall.PaymentPlugin.PaymentBase`1[T].set_WorkDirectory  
错误描述：set WorkDirectory:Himall.Plugin.Payment.WeiXinPay_Native.WeiXinPay 

